  main.c
D:\Progs\Work\Arcanoid Game — копия\funcs.h(15,21): warning C4244: функция: преобразование "int" в "GLfloat", возможна потеря данных
D:\Progs\Work\Arcanoid Game — копия\funcs.h(15,28): warning C4244: функция: преобразование "int" в "GLfloat", возможна потеря данных
D:\Progs\Work\Arcanoid Game — копия\funcs.h(15,47): warning C4244: функция: преобразование "int" в "GLfloat", возможна потеря данных
D:\Progs\Work\Arcanoid Game — копия\funcs.h(15,63): warning C4244: функция: преобразование "int" в "GLfloat", возможна потеря данных
D:\Progs\Work\Arcanoid Game — копия\funcs.h(15,82): warning C4244: функция: преобразование "int" в "GLfloat", возможна потеря данных
D:\Progs\Work\Arcanoid Game — копия\funcs.h(15,98): warning C4244: функция: преобразование "int" в "GLfloat", возможна потеря данных
D:\Progs\Work\Arcanoid Game — копия\funcs.h(15,124): warning C4244: функция: преобразование "int" в "GLfloat", возможна потеря данных
D:\Progs\Work\Arcanoid Game — копия\funcs.h(15,140): warning C4244: функция: преобразование "int" в "GLfloat", возможна потеря данных
D:\Progs\Work\Arcanoid Game — копия\funcs.h(15,166): warning C4244: функция: преобразование "int" в "GLfloat", возможна потеря данных
D:\Progs\Work\Arcanoid Game — копия\funcs.h(15,173): warning C4244: функция: преобразование "int" в "GLfloat", возможна потеря данных
D:\Progs\Work\Arcanoid Game — копия\funcs.h(15,199): warning C4244: функция: преобразование "int" в "GLfloat", возможна потеря данных
D:\Progs\Work\Arcanoid Game — копия\funcs.h(15,215): warning C4244: функция: преобразование "int" в "GLfloat", возможна потеря данных
D:\Progs\Work\Arcanoid Game — копия\funcs.h(15,234): warning C4244: функция: преобразование "int" в "GLfloat", возможна потеря данных
D:\Progs\Work\Arcanoid Game — копия\funcs.h(15,248): warning C4244: функция: преобразование "int" в "GLfloat", возможна потеря данных
D:\Progs\Work\Arcanoid Game — копия\funcs.h(15,274): warning C4244: функция: преобразование "int" в "GLfloat", возможна потеря данных
D:\Progs\Work\Arcanoid Game — копия\funcs.h(15,288): warning C4244: функция: преобразование "int" в "GLfloat", возможна потеря данных
D:\Progs\Work\Arcanoid Game — копия\funcs.h(17,21): warning C4244: функция: преобразование "int" в "GLfloat", возможна потеря данных
D:\Progs\Work\Arcanoid Game — копия\funcs.h(17,39): warning C4244: функция: преобразование "int" в "GLfloat", возможна потеря данных
D:\Progs\Work\Arcanoid Game — копия\funcs.h(17,58): warning C4244: функция: преобразование "int" в "GLfloat", возможна потеря данных
D:\Progs\Work\Arcanoid Game — копия\funcs.h(17,72): warning C4244: функция: преобразование "int" в "GLfloat", возможна потеря данных
D:\Progs\Work\Arcanoid Game — копия\funcs.h(17,91): warning C4244: функция: преобразование "int" в "GLfloat", возможна потеря данных
D:\Progs\Work\Arcanoid Game — копия\funcs.h(17,98): warning C4244: функция: преобразование "int" в "GLfloat", возможна потеря данных
D:\Progs\Work\Arcanoid Game — копия\funcs.h(17,124): warning C4244: функция: преобразование "int" в "GLfloat", возможна потеря данных
D:\Progs\Work\Arcanoid Game — копия\funcs.h(17,131): warning C4244: функция: преобразование "int" в "GLfloat", возможна потеря данных
D:\Progs\Work\Arcanoid Game — копия\funcs.h(17,157): warning C4244: функция: преобразование "int" в "GLfloat", возможна потеря данных
D:\Progs\Work\Arcanoid Game — копия\funcs.h(17,164): warning C4244: функция: преобразование "int" в "GLfloat", возможна потеря данных
D:\Progs\Work\Arcanoid Game — копия\funcs.h(17,190): warning C4244: функция: преобразование "int" в "GLfloat", возможна потеря данных
D:\Progs\Work\Arcanoid Game — копия\funcs.h(17,208): warning C4244: функция: преобразование "int" в "GLfloat", возможна потеря данных
D:\Progs\Work\Arcanoid Game — копия\funcs.h(19,21): warning C4244: функция: преобразование "int" в "GLfloat", возможна потеря данных
D:\Progs\Work\Arcanoid Game — копия\funcs.h(19,28): warning C4244: функция: преобразование "int" в "GLfloat", возможна потеря данных
D:\Progs\Work\Arcanoid Game — копия\funcs.h(19,47): warning C4244: функция: преобразование "int" в "GLfloat", возможна потеря данных
D:\Progs\Work\Arcanoid Game — копия\funcs.h(19,67): warning C4244: функция: преобразование "double" в "GLfloat", возможна потеря данных
D:\Progs\Work\Arcanoid Game — копия\funcs.h(19,86): warning C4244: функция: преобразование "int" в "GLfloat", возможна потеря данных
D:\Progs\Work\Arcanoid Game — копия\funcs.h(19,93): warning C4244: функция: преобразование "int" в "GLfloat", возможна потеря данных
D:\Progs\Work\Arcanoid Game — копия\funcs.h(19,119): warning C4244: функция: преобразование "int" в "GLfloat", возможна потеря данных
D:\Progs\Work\Arcanoid Game — копия\funcs.h(19,126): warning C4244: функция: преобразование "int" в "GLfloat", возможна потеря данных
D:\Progs\Work\Arcanoid Game — копия\funcs.h(19,152): warning C4244: функция: преобразование "int" в "GLfloat", возможна потеря данных
D:\Progs\Work\Arcanoid Game — копия\funcs.h(19,159): warning C4244: функция: преобразование "int" в "GLfloat", возможна потеря данных
D:\Progs\Work\Arcanoid Game — копия\funcs.h(19,185): warning C4244: функция: преобразование "int" в "GLfloat", возможна потеря данных
D:\Progs\Work\Arcanoid Game — копия\funcs.h(19,195): warning C4244: функция: преобразование "int" в "GLfloat", возможна потеря данных
D:\Progs\Work\Arcanoid Game — копия\funcs.h(19,214): warning C4244: функция: преобразование "int" в "GLfloat", возможна потеря данных
D:\Progs\Work\Arcanoid Game — копия\funcs.h(19,238): warning C4244: функция: преобразование "double" в "GLfloat", возможна потеря данных
D:\Progs\Work\Arcanoid Game — копия\funcs.h(19,264): warning C4244: функция: преобразование "int" в "GLfloat", возможна потеря данных
D:\Progs\Work\Arcanoid Game — копия\funcs.h(19,288): warning C4244: функция: преобразование "double" в "GLfloat", возможна потеря данных
D:\Progs\Work\Arcanoid Game — копия\funcs.h(19,314): warning C4244: функция: преобразование "int" в "GLfloat", возможна потеря данных
D:\Progs\Work\Arcanoid Game — копия\funcs.h(19,338): warning C4244: функция: преобразование "double" в "GLfloat", возможна потеря данных
D:\Progs\Work\Arcanoid Game — копия\funcs.h(19,364): warning C4244: функция: преобразование "int" в "GLfloat", возможна потеря данных
D:\Progs\Work\Arcanoid Game — копия\funcs.h(19,389): warning C4244: функция: преобразование "double" в "GLfloat", возможна потеря данных
D:\Progs\Work\Arcanoid Game — копия\funcs.h(21,21): warning C4244: функция: преобразование "int" в "GLfloat", возможна потеря данных
D:\Progs\Work\Arcanoid Game — копия\funcs.h(21,28): warning C4244: функция: преобразование "int" в "GLfloat", возможна потеря данных
D:\Progs\Work\Arcanoid Game — копия\funcs.h(21,47): warning C4244: функция: преобразование "int" в "GLfloat", возможна потеря данных
D:\Progs\Work\Arcanoid Game — копия\funcs.h(21,63): warning C4244: функция: преобразование "int" в "GLfloat", возможна потеря данных
D:\Progs\Work\Arcanoid Game — копия\funcs.h(21,82): warning C4244: функция: преобразование "int" в "GLfloat", возможна потеря данных
D:\Progs\Work\Arcanoid Game — копия\funcs.h(21,89): warning C4244: функция: преобразование "int" в "GLfloat", возможна потеря данных
D:\Progs\Work\Arcanoid Game — копия\funcs.h(21,115): warning C4244: функция: преобразование "int" в "GLfloat", возможна потеря данных
D:\Progs\Work\Arcanoid Game — копия\funcs.h(21,122): warning C4244: функция: преобразование "int" в "GLfloat", возможна потеря данных
D:\Progs\Work\Arcanoid Game — копия\funcs.h(21,141): warning C4244: функция: преобразование "int" в "GLfloat", возможна потеря данных
D:\Progs\Work\Arcanoid Game — копия\funcs.h(21,157): warning C4244: функция: преобразование "int" в "GLfloat", возможна потеря данных
D:\Progs\Work\Arcanoid Game — копия\funcs.h(21,183): warning C4244: функция: преобразование "int" в "GLfloat", возможна потеря данных
D:\Progs\Work\Arcanoid Game — копия\funcs.h(21,199): warning C4244: функция: преобразование "int" в "GLfloat", возможна потеря данных
D:\Progs\Work\Arcanoid Game — копия\funcs.h(21,225): warning C4244: функция: преобразование "int" в "GLfloat", возможна потеря данных
D:\Progs\Work\Arcanoid Game — копия\funcs.h(21,234): warning C4244: функция: преобразование "int" в "GLfloat", возможна потеря данных
D:\Progs\Work\Arcanoid Game — копия\funcs.h(21,260): warning C4244: функция: преобразование "int" в "GLfloat", возможна потеря данных
D:\Progs\Work\Arcanoid Game — копия\funcs.h(21,274): warning C4244: функция: преобразование "int" в "GLfloat", возможна потеря данных
D:\Progs\Work\Arcanoid Game — копия\funcs.h(23,21): warning C4244: функция: преобразование "int" в "GLfloat", возможна потеря данных
D:\Progs\Work\Arcanoid Game — копия\funcs.h(23,30): warning C4244: функция: преобразование "int" в "GLfloat", возможна потеря данных
D:\Progs\Work\Arcanoid Game — копия\funcs.h(23,49): warning C4244: функция: преобразование "int" в "GLfloat", возможна потеря данных
D:\Progs\Work\Arcanoid Game — копия\funcs.h(23,63): warning C4244: функция: преобразование "int" в "GLfloat", возможна потеря данных
D:\Progs\Work\Arcanoid Game — копия\funcs.h(23,82): warning C4244: функция: преобразование "int" в "GLfloat", возможна потеря данных
D:\Progs\Work\Arcanoid Game — копия\funcs.h(23,89): warning C4244: функция: преобразование "int" в "GLfloat", возможна потеря данных
D:\Progs\Work\Arcanoid Game — копия\funcs.h(23,115): warning C4244: функция: преобразование "int" в "GLfloat", возможна потеря данных
D:\Progs\Work\Arcanoid Game — копия\funcs.h(23,122): warning C4244: функция: преобразование "int" в "GLfloat", возможна потеря данных
D:\Progs\Work\Arcanoid Game — копия\funcs.h(23,150): warning C4244: функция: преобразование "int" в "GLfloat", возможна потеря данных
D:\Progs\Work\Arcanoid Game — копия\funcs.h(23,157): warning C4244: функция: преобразование "int" в "GLfloat", возможна потеря данных
D:\Progs\Work\Arcanoid Game — копия\funcs.h(23,185): warning C4244: функция: преобразование "int" в "GLfloat", возможна потеря данных
D:\Progs\Work\Arcanoid Game — копия\funcs.h(23,199): warning C4244: функция: преобразование "int" в "GLfloat", возможна потеря данных
D:\Progs\Work\Arcanoid Game — копия\funcs.h(25,21): warning C4244: функция: преобразование "int" в "GLfloat", возможна потеря данных
D:\Progs\Work\Arcanoid Game — копия\funcs.h(25,28): warning C4244: функция: преобразование "int" в "GLfloat", возможна потеря данных
D:\Progs\Work\Arcanoid Game — копия\funcs.h(25,47): warning C4244: функция: преобразование "int" в "GLfloat", возможна потеря данных
D:\Progs\Work\Arcanoid Game — копия\funcs.h(25,71): warning C4244: функция: преобразование "double" в "GLfloat", возможна потеря данных
D:\Progs\Work\Arcanoid Game — копия\funcs.h(25,90): warning C4244: функция: преобразование "int" в "GLfloat", возможна потеря данных
D:\Progs\Work\Arcanoid Game — копия\funcs.h(25,97): warning C4244: функция: преобразование "int" в "GLfloat", возможна потеря данных
D:\Progs\Work\Arcanoid Game — копия\funcs.h(25,123): warning C4244: функция: преобразование "int" в "GLfloat", возможна потеря данных
D:\Progs\Work\Arcanoid Game — копия\funcs.h(25,130): warning C4244: функция: преобразование "int" в "GLfloat", возможна потеря данных
D:\Progs\Work\Arcanoid Game — копия\funcs.h(25,156): warning C4244: функция: преобразование "int" в "GLfloat", возможна потеря данных
D:\Progs\Work\Arcanoid Game — копия\funcs.h(25,163): warning C4244: функция: преобразование "int" в "GLfloat", возможна потеря данных
D:\Progs\Work\Arcanoid Game — копия\funcs.h(25,189): warning C4244: функция: преобразование "int" в "GLfloat", возможна потеря данных
D:\Progs\Work\Arcanoid Game — копия\funcs.h(25,213): warning C4244: функция: преобразование "double" в "GLfloat", возможна потеря данных
D:\Progs\Work\Arcanoid Game — копия\funcs.h(25,239): warning C4244: функция: преобразование "int" в "GLfloat", возможна потеря данных
D:\Progs\Work\Arcanoid Game — копия\funcs.h(25,263): warning C4244: функция: преобразование "double" в "GLfloat", возможна потеря данных
D:\Progs\Work\Arcanoid Game — копия\funcs.h(25,282): warning C4244: функция: преобразование "int" в "GLfloat", возможна потеря данных
D:\Progs\Work\Arcanoid Game — копия\funcs.h(25,306): warning C4244: функция: преобразование "double" в "GLfloat", возможна потеря данных
D:\Progs\Work\Arcanoid Game — копия\funcs.h(27,21): warning C4244: функция: преобразование "int" в "GLfloat", возможна потеря данных
D:\Progs\Work\Arcanoid Game — копия\funcs.h(27,28): warning C4244: функция: преобразование "int" в "GLfloat", возможна потеря данных
D:\Progs\Work\Arcanoid Game — копия\funcs.h(27,47): warning C4244: функция: преобразование "int" в "GLfloat", возможна потеря данных
D:\Progs\Work\Arcanoid Game — копия\funcs.h(27,61): warning C4244: функция: преобразование "int" в "GLfloat", возможна потеря данных
D:\Progs\Work\Arcanoid Game — копия\funcs.h(30,21): warning C4244: функция: преобразование "int" в "GLfloat", возможна потеря данных
D:\Progs\Work\Arcanoid Game — копия\funcs.h(30,28): warning C4244: функция: преобразование "int" в "GLfloat", возможна потеря данных
D:\Progs\Work\Arcanoid Game — копия\funcs.h(30,47): warning C4244: функция: преобразование "int" в "GLfloat", возможна потеря данных
D:\Progs\Work\Arcanoid Game — копия\funcs.h(30,71): warning C4244: функция: преобразование "double" в "GLfloat", возможна потеря данных
D:\Progs\Work\Arcanoid Game — копия\funcs.h(30,90): warning C4244: функция: преобразование "int" в "GLfloat", возможна потеря данных
D:\Progs\Work\Arcanoid Game — копия\funcs.h(30,97): warning C4244: функция: преобразование "int" в "GLfloat", возможна потеря данных
D:\Progs\Work\Arcanoid Game — копия\funcs.h(30,123): warning C4244: функция: преобразование "int" в "GLfloat", возможна потеря данных
D:\Progs\Work\Arcanoid Game — копия\funcs.h(30,130): warning C4244: функция: преобразование "int" в "GLfloat", возможна потеря данных
D:\Progs\Work\Arcanoid Game — копия\funcs.h(30,149): warning C4244: функция: преобразование "int" в "GLfloat", возможна потеря данных
D:\Progs\Work\Arcanoid Game — копия\funcs.h(30,173): warning C4244: функция: преобразование "double" в "GLfloat", возможна потеря данных
D:\Progs\Work\Arcanoid Game — копия\funcs.h(30,199): warning C4244: функция: преобразование "int" в "GLfloat", возможна потеря данных
D:\Progs\Work\Arcanoid Game — копия\funcs.h(30,223): warning C4244: функция: преобразование "double" в "GLfloat", возможна потеря данных
D:\Progs\Work\Arcanoid Game — копия\funcs.h(30,249): warning C4244: функция: преобразование "int" в "GLfloat", возможна потеря данных
D:\Progs\Work\Arcanoid Game — копия\funcs.h(30,273): warning C4244: функция: преобразование "double" в "GLfloat", возможна потеря данных
D:\Progs\Work\Arcanoid Game — копия\funcs.h(30,299): warning C4244: функция: преобразование "int" в "GLfloat", возможна потеря данных
D:\Progs\Work\Arcanoid Game — копия\funcs.h(30,313): warning C4244: функция: преобразование "int" в "GLfloat", возможна потеря данных
D:\Progs\Work\Arcanoid Game — копия\funcs.h(35,51): warning C4305: +=: усечение из "double" в "float"
D:\Progs\Work\Arcanoid Game — копия\funcs.h(36,38): warning C4244: функция: преобразование "double" в "GLfloat", возможна потеря данных
D:\Progs\Work\Arcanoid Game — копия\funcs.h(36,61): warning C4244: функция: преобразование "double" в "GLfloat", возможна потеря данных
D:\Progs\Work\Arcanoid Game — копия\funcs.h(46,25): warning C4244: функция: преобразование "int" в "GLfloat", возможна потеря данных
D:\Progs\Work\Arcanoid Game — копия\funcs.h(46,28): warning C4244: функция: преобразование "int" в "GLfloat", возможна потеря данных
D:\Progs\Work\Arcanoid Game — копия\funcs.h(47,36): warning C4244: функция: преобразование "int" в "GLfloat", возможна потеря данных
D:\Progs\Work\Arcanoid Game — копия\funcs.h(47,39): warning C4244: функция: преобразование "int" в "GLfloat", возможна потеря данных
D:\Progs\Work\Arcanoid Game — копия\funcs.h(50,25): warning C4244: функция: преобразование "int" в "GLfloat", возможна потеря данных
D:\Progs\Work\Arcanoid Game — копия\funcs.h(50,28): warning C4244: функция: преобразование "int" в "GLfloat", возможна потеря данных
D:\Progs\Work\Arcanoid Game — копия\funcs.h(51,25): warning C4244: функция: преобразование "int" в "GLfloat", возможна потеря данных
D:\Progs\Work\Arcanoid Game — копия\funcs.h(51,39): warning C4244: функция: преобразование "int" в "GLfloat", возможна потеря данных
D:\Progs\Work\Arcanoid Game — копия\funcs.h(54,25): warning C4244: функция: преобразование "int" в "GLfloat", возможна потеря данных
D:\Progs\Work\Arcanoid Game — копия\funcs.h(54,39): warning C4244: функция: преобразование "int" в "GLfloat", возможна потеря данных
D:\Progs\Work\Arcanoid Game — копия\funcs.h(55,25): warning C4244: функция: преобразование "int" в "GLfloat", возможна потеря данных
D:\Progs\Work\Arcanoid Game — копия\funcs.h(55,43): warning C4244: функция: преобразование "int" в "GLfloat", возможна потеря данных
D:\Progs\Work\Arcanoid Game — копия\funcs.h(58,25): warning C4244: функция: преобразование "int" в "GLfloat", возможна потеря данных
D:\Progs\Work\Arcanoid Game — копия\funcs.h(58,43): warning C4244: функция: преобразование "int" в "GLfloat", возможна потеря данных
D:\Progs\Work\Arcanoid Game — копия\funcs.h(59,36): warning C4244: функция: преобразование "int" в "GLfloat", возможна потеря данных
D:\Progs\Work\Arcanoid Game — копия\funcs.h(59,54): warning C4244: функция: преобразование "int" в "GLfloat", возможна потеря данных
D:\Progs\Work\Arcanoid Game — копия\funcs.h(62,36): warning C4244: функция: преобразование "int" в "GLfloat", возможна потеря данных
D:\Progs\Work\Arcanoid Game — копия\funcs.h(62,54): warning C4244: функция: преобразование "int" в "GLfloat", возможна потеря данных
D:\Progs\Work\Arcanoid Game — копия\funcs.h(63,36): warning C4244: функция: преобразование "int" в "GLfloat", возможна потеря данных
D:\Progs\Work\Arcanoid Game — копия\funcs.h(63,50): warning C4244: функция: преобразование "int" в "GLfloat", возможна потеря данных
D:\Progs\Work\Arcanoid Game — копия\funcs.h(66,36): warning C4244: функция: преобразование "int" в "GLfloat", возможна потеря данных
D:\Progs\Work\Arcanoid Game — копия\funcs.h(66,50): warning C4244: функция: преобразование "int" в "GLfloat", возможна потеря данных
D:\Progs\Work\Arcanoid Game — копия\funcs.h(67,36): warning C4244: функция: преобразование "int" в "GLfloat", возможна потеря данных
D:\Progs\Work\Arcanoid Game — копия\funcs.h(67,39): warning C4244: функция: преобразование "int" в "GLfloat", возможна потеря данных
D:\Progs\Work\Arcanoid Game — копия\funcs.h(70,25): warning C4244: функция: преобразование "int" в "GLfloat", возможна потеря данных
D:\Progs\Work\Arcanoid Game — копия\funcs.h(70,39): warning C4244: функция: преобразование "int" в "GLfloat", возможна потеря данных
D:\Progs\Work\Arcanoid Game — копия\funcs.h(71,36): warning C4244: функция: преобразование "int" в "GLfloat", возможна потеря данных
D:\Progs\Work\Arcanoid Game — копия\funcs.h(71,50): warning C4244: функция: преобразование "int" в "GLfloat", возможна потеря данных
D:\Progs\Work\Arcanoid Game — копия\funcs.h(74,36): warning C4244: функция: преобразование "int" в "GLfloat", возможна потеря данных
D:\Progs\Work\Arcanoid Game — копия\funcs.h(74,52): warning C4244: функция: преобразование "int" в "GLfloat", возможна потеря данных
D:\Progs\Work\Arcanoid Game — копия\funcs.h(75,36): warning C4244: функция: преобразование "int" в "GLfloat", возможна потеря данных
D:\Progs\Work\Arcanoid Game — копия\funcs.h(75,39): warning C4244: функция: преобразование "int" в "GLfloat", возможна потеря данных
D:\Progs\Work\Arcanoid Game — копия\funcs.h(87,26): warning C4244: функция: преобразование "int" в "GLfloat", возможна потеря данных
D:\Progs\Work\Arcanoid Game — копия\funcs.h(88,33): warning C4244: функция: преобразование "int" в "GLfloat", возможна потеря данных
D:\Progs\Work\Arcanoid Game — копия\funcs.h(89,21): warning C4244: функция: преобразование "int" в "GLfloat", возможна потеря данных
D:\Progs\Work\Arcanoid Game — копия\funcs.h(89,37): warning C4244: функция: преобразование "int" в "GLfloat", возможна потеря данных
D:\Progs\Work\Arcanoid Game — копия\funcs.h(90,21): warning C4244: функция: преобразование "int" в "GLfloat", возможна потеря данных
D:\Progs\Work\Arcanoid Game — копия\funcs.h(90,30): warning C4244: функция: преобразование "int" в "GLfloat", возможна потеря данных
D:\Progs\Work\Arcanoid Game — копия\funcs.h(94,25): warning C4244: функция: преобразование "int" в "GLfloat", возможна потеря данных
D:\Progs\Work\Arcanoid Game — копия\funcs.h(94,32): warning C4244: функция: преобразование "int" в "GLfloat", возможна потеря данных
D:\Progs\Work\Arcanoid Game — копия\funcs.h(95,25): warning C4244: функция: преобразование "int" в "GLfloat", возможна потеря данных
D:\Progs\Work\Arcanoid Game — копия\funcs.h(95,29): warning C4244: функция: преобразование "int" в "GLfloat", возможна потеря данных
D:\Progs\Work\Arcanoid Game — копия\funcs.h(96,33): warning C4244: функция: преобразование "int" в "GLfloat", возможна потеря данных
D:\Progs\Work\Arcanoid Game — копия\funcs.h(96,37): warning C4244: функция: преобразование "int" в "GLfloat", возможна потеря данных
D:\Progs\Work\Arcanoid Game — копия\funcs.h(97,33): warning C4244: функция: преобразование "int" в "GLfloat", возможна потеря данных
D:\Progs\Work\Arcanoid Game — копия\funcs.h(97,40): warning C4244: функция: преобразование "int" в "GLfloat", возможна потеря данных
D:\Progs\Work\Arcanoid Game — копия\funcs.h(110,30): warning C4244: функция: преобразование "int" в "GLfloat", возможна потеря данных
D:\Progs\Work\Arcanoid Game — копия\funcs.h(110,48): warning C4244: функция: преобразование "int" в "GLfloat", возможна потеря данных
D:\Progs\Work\Arcanoid Game — копия\funcs.h(110,76): warning C4244: функция: преобразование "int" в "GLfloat", возможна потеря данных
D:\Progs\Work\Arcanoid Game — копия\funcs.h(110,94): warning C4244: функция: преобразование "int" в "GLfloat", возможна потеря данных
D:\Progs\Work\Arcanoid Game — копия\funcs.h(110,122): warning C4244: функция: преобразование "int" в "GLfloat", возможна потеря данных
D:\Progs\Work\Arcanoid Game — копия\funcs.h(110,140): warning C4244: функция: преобразование "int" в "GLfloat", возможна потеря данных
D:\Progs\Work\Arcanoid Game — копия\funcs.h(110,170): warning C4244: функция: преобразование "int" в "GLfloat", возможна потеря данных
D:\Progs\Work\Arcanoid Game — копия\funcs.h(110,189): warning C4244: функция: преобразование "int" в "GLfloat", возможна потеря данных
D:\Progs\Work\Arcanoid Game — копия\funcs.h(110,217): warning C4244: функция: преобразование "int" в "GLfloat", возможна потеря данных
D:\Progs\Work\Arcanoid Game — копия\funcs.h(110,235): warning C4244: функция: преобразование "int" в "GLfloat", возможна потеря данных
D:\Progs\Work\Arcanoid Game — копия\funcs.h(110,266): warning C4244: функция: преобразование "int" в "GLfloat", возможна потеря данных
D:\Progs\Work\Arcanoid Game — копия\funcs.h(110,293): warning C4244: функция: преобразование "int" в "GLfloat", возможна потеря данных
D:\Progs\Work\Arcanoid Game — копия\funcs.h(112,34): warning C4244: функция: преобразование "int" в "GLfloat", возможна потеря данных
D:\Progs\Work\Arcanoid Game — копия\funcs.h(112,43): warning C4244: функция: преобразование "int" в "GLfloat", возможна потеря данных
D:\Progs\Work\Arcanoid Game — копия\funcs.h(112,75): warning C4244: функция: преобразование "int" в "GLfloat", возможна потеря данных
D:\Progs\Work\Arcanoid Game — копия\funcs.h(112,84): warning C4244: функция: преобразование "int" в "GLfloat", возможна потеря данных
D:\Progs\Work\Arcanoid Game — копия\funcs.h(112,116): warning C4244: функция: преобразование "int" в "GLfloat", возможна потеря данных
D:\Progs\Work\Arcanoid Game — копия\funcs.h(112,125): warning C4244: функция: преобразование "int" в "GLfloat", возможна потеря данных
D:\Progs\Work\Arcanoid Game — копия\funcs.h(112,160): warning C4244: функция: преобразование "int" в "GLfloat", возможна потеря данных
D:\Progs\Work\Arcanoid Game — копия\funcs.h(112,179): warning C4244: функция: преобразование "int" в "GLfloat", возможна потеря данных
D:\Progs\Work\Arcanoid Game — копия\funcs.h(112,211): warning C4244: функция: преобразование "int" в "GLfloat", возможна потеря данных
D:\Progs\Work\Arcanoid Game — копия\funcs.h(112,220): warning C4244: функция: преобразование "int" в "GLfloat", возможна потеря данных
D:\Progs\Work\Arcanoid Game — копия\funcs.h(112,255): warning C4244: функция: преобразование "int" в "GLfloat", возможна потеря данных
D:\Progs\Work\Arcanoid Game — копия\funcs.h(112,274): warning C4244: функция: преобразование "int" в "GLfloat", возможна потеря данных
D:\Progs\Work\Arcanoid Game — копия\funcs.h(121,35): warning C4244: функция: преобразование "int" в "GLfloat", возможна потеря данных
D:\Progs\Work\Arcanoid Game — копия\funcs.h(121,53): warning C4244: функция: преобразование "int" в "GLfloat", возможна потеря данных
D:\Progs\Work\Arcanoid Game — копия\funcs.h(122,39): warning C4244: функция: преобразование "int" в "GLfloat", возможна потеря данных
D:\Progs\Work\Arcanoid Game — копия\funcs.h(122,71): warning C4244: функция: преобразование "int" в "GLfloat", возможна потеря данных
D:\Progs\Work\Arcanoid Game — копия\funcs.h(123,39): warning C4244: функция: преобразование "int" в "GLfloat", возможна потеря данных
D:\Progs\Work\Arcanoid Game — копия\funcs.h(123,71): warning C4244: функция: преобразование "int" в "GLfloat", возможна потеря данных
D:\Progs\Work\Arcanoid Game — копия\funcs.h(124,39): warning C4244: функция: преобразование "int" в "GLfloat", возможна потеря данных
D:\Progs\Work\Arcanoid Game — копия\funcs.h(124,61): warning C4244: функция: преобразование "int" в "GLfloat", возможна потеря данных
D:\Progs\Work\Arcanoid Game — копия\funcs.h(133,43): warning C4244: функция: преобразование "int" в "GLfloat", возможна потеря данных
D:\Progs\Work\Arcanoid Game — копия\funcs.h(133,52): warning C4244: функция: преобразование "int" в "GLfloat", возможна потеря данных
D:\Progs\Work\Arcanoid Game — копия\funcs.h(134,43): warning C4244: функция: преобразование "int" в "GLfloat", возможна потеря данных
D:\Progs\Work\Arcanoid Game — копия\funcs.h(134,52): warning C4244: функция: преобразование "int" в "GLfloat", возможна потеря данных
D:\Progs\Work\Arcanoid Game — копия\funcs.h(135,43): warning C4244: функция: преобразование "int" в "GLfloat", возможна потеря данных
D:\Progs\Work\Arcanoid Game — копия\funcs.h(135,52): warning C4244: функция: преобразование "int" в "GLfloat", возможна потеря данных
D:\Progs\Work\Arcanoid Game — копия\funcs.h(136,44): warning C4244: функция: преобразование "int" в "GLfloat", возможна потеря данных
D:\Progs\Work\Arcanoid Game — копия\funcs.h(136,67): warning C4244: функция: преобразование "int" в "GLfloat", возможна потеря данных
D:\Progs\Work\Arcanoid Game — копия\funcs.h(137,43): warning C4244: функция: преобразование "int" в "GLfloat", возможна потеря данных
D:\Progs\Work\Arcanoid Game — копия\funcs.h(137,52): warning C4244: функция: преобразование "int" в "GLfloat", возможна потеря данных
D:\Progs\Work\Arcanoid Game — копия\funcs.h(138,44): warning C4244: функция: преобразование "int" в "GLfloat", возможна потеря данных
D:\Progs\Work\Arcanoid Game — копия\funcs.h(138,67): warning C4244: функция: преобразование "int" в "GLfloat", возможна потеря данных
D:\Progs\Work\Arcanoid Game — копия\funcs.h(140,43): warning C4244: функция: преобразование "int" в "GLfloat", возможна потеря данных
D:\Progs\Work\Arcanoid Game — копия\funcs.h(140,52): warning C4244: функция: преобразование "int" в "GLfloat", возможна потеря данных
D:\Progs\Work\Arcanoid Game — копия\funcs.h(141,43): warning C4244: функция: преобразование "int" в "GLfloat", возможна потеря данных
D:\Progs\Work\Arcanoid Game — копия\funcs.h(141,52): warning C4244: функция: преобразование "int" в "GLfloat", возможна потеря данных
D:\Progs\Work\Arcanoid Game — копия\funcs.h(142,43): warning C4244: функция: преобразование "int" в "GLfloat", возможна потеря данных
D:\Progs\Work\Arcanoid Game — копия\funcs.h(142,52): warning C4244: функция: преобразование "int" в "GLfloat", возможна потеря данных
D:\Progs\Work\Arcanoid Game — копия\funcs.h(143,44): warning C4244: функция: преобразование "int" в "GLfloat", возможна потеря данных
D:\Progs\Work\Arcanoid Game — копия\funcs.h(143,67): warning C4244: функция: преобразование "int" в "GLfloat", возможна потеря данных
D:\Progs\Work\Arcanoid Game — копия\funcs.h(144,43): warning C4244: функция: преобразование "int" в "GLfloat", возможна потеря данных
D:\Progs\Work\Arcanoid Game — копия\funcs.h(144,52): warning C4244: функция: преобразование "int" в "GLfloat", возможна потеря данных
D:\Progs\Work\Arcanoid Game — копия\funcs.h(145,44): warning C4244: функция: преобразование "int" в "GLfloat", возможна потеря данных
D:\Progs\Work\Arcanoid Game — копия\funcs.h(145,67): warning C4244: функция: преобразование "int" в "GLfloat", возможна потеря данных
D:\Progs\Work\Arcanoid Game — копия\funcs.h(161,20): warning C4244: функция: преобразование "int" в "GLfloat", возможна потеря данных
D:\Progs\Work\Arcanoid Game — копия\funcs.h(161,29): warning C4244: функция: преобразование "int" в "GLfloat", возможна потеря данных
D:\Progs\Work\Arcanoid Game — копия\funcs.h(162,20): warning C4244: функция: преобразование "int" в "GLfloat", возможна потеря данных
D:\Progs\Work\Arcanoid Game — копия\funcs.h(162,44): warning C4244: функция: преобразование "int" в "GLfloat", возможна потеря данных
D:\Progs\Work\Arcanoid Game — копия\funcs.h(163,20): warning C4244: функция: преобразование "int" в "GLfloat", возможна потеря данных
D:\Progs\Work\Arcanoid Game — копия\funcs.h(163,29): warning C4244: функция: преобразование "int" в "GLfloat", возможна потеря данных
D:\Progs\Work\Arcanoid Game — копия\funcs.h(164,35): warning C4244: функция: преобразование "int" в "GLfloat", возможна потеря данных
D:\Progs\Work\Arcanoid Game — копия\funcs.h(164,55): warning C4244: функция: преобразование "int" в "GLfloat", возможна потеря данных
D:\Progs\Work\Arcanoid Game — копия\funcs.h(165,35): warning C4244: функция: преобразование "int" в "GLfloat", возможна потеря данных
D:\Progs\Work\Arcanoid Game — копия\funcs.h(165,55): warning C4244: функция: преобразование "int" в "GLfloat", возможна потеря данных
D:\Progs\Work\Arcanoid Game — копия\funcs.h(166,31): warning C4244: функция: преобразование "int" в "GLfloat", возможна потеря данных
D:\Progs\Work\Arcanoid Game — копия\funcs.h(166,40): warning C4244: функция: преобразование "int" в "GLfloat", возможна потеря данных
D:\Progs\Work\Arcanoid Game — копия\funcs.h(167,31): warning C4244: функция: преобразование "int" в "GLfloat", возможна потеря данных
D:\Progs\Work\Arcanoid Game — копия\funcs.h(167,40): warning C4244: функция: преобразование "int" в "GLfloat", возможна потеря данных
D:\Progs\Work\Arcanoid Game — копия\funcs.h(168,31): warning C4244: функция: преобразование "int" в "GLfloat", возможна потеря данных
D:\Progs\Work\Arcanoid Game — копия\funcs.h(168,55): warning C4244: функция: преобразование "int" в "GLfloat", возможна потеря данных
D:\Progs\Work\Arcanoid Game — копия\funcs.h(171,20): warning C4244: функция: преобразование "int" в "GLfloat", возможна потеря данных
D:\Progs\Work\Arcanoid Game — копия\funcs.h(171,29): warning C4244: функция: преобразование "int" в "GLfloat", возможна потеря данных
D:\Progs\Work\Arcanoid Game — копия\funcs.h(172,20): warning C4244: функция: преобразование "int" в "GLfloat", возможна потеря данных
D:\Progs\Work\Arcanoid Game — копия\funcs.h(172,44): warning C4244: функция: преобразование "int" в "GLfloat", возможна потеря данных
D:\Progs\Work\Arcanoid Game — копия\funcs.h(173,20): warning C4244: функция: преобразование "int" в "GLfloat", возможна потеря данных
D:\Progs\Work\Arcanoid Game — копия\funcs.h(173,29): warning C4244: функция: преобразование "int" в "GLfloat", возможна потеря данных
D:\Progs\Work\Arcanoid Game — копия\funcs.h(174,31): warning C4244: функция: преобразование "int" в "GLfloat", возможна потеря данных
D:\Progs\Work\Arcanoid Game — копия\funcs.h(174,40): warning C4244: функция: преобразование "int" в "GLfloat", возможна потеря данных
D:\Progs\Work\Arcanoid Game — копия\funcs.h(175,31): warning C4244: функция: преобразование "int" в "GLfloat", возможна потеря данных
D:\Progs\Work\Arcanoid Game — копия\funcs.h(175,40): warning C4244: функция: преобразование "int" в "GLfloat", возможна потеря данных
D:\Progs\Work\Arcanoid Game — копия\funcs.h(176,31): warning C4244: функция: преобразование "int" в "GLfloat", возможна потеря данных
D:\Progs\Work\Arcanoid Game — копия\funcs.h(176,55): warning C4244: функция: преобразование "int" в "GLfloat", возможна потеря данных
D:\Progs\Work\Arcanoid Game — копия\funcs.h(177,20): warning C4244: функция: преобразование "int" в "GLfloat", возможна потеря данных
D:\Progs\Work\Arcanoid Game — копия\funcs.h(177,40): warning C4244: функция: преобразование "int" в "GLfloat", возможна потеря данных
D:\Progs\Work\Arcanoid Game — копия\funcs.h(178,31): warning C4244: функция: преобразование "int" в "GLfloat", возможна потеря данных
D:\Progs\Work\Arcanoid Game — копия\funcs.h(178,51): warning C4244: функция: преобразование "int" в "GLfloat", возможна потеря данных
D:\Progs\Work\Arcanoid Game — копия\funcs.h(181,20): warning C4244: функция: преобразование "int" в "GLfloat", возможна потеря данных
D:\Progs\Work\Arcanoid Game — копия\funcs.h(181,29): warning C4244: функция: преобразование "int" в "GLfloat", возможна потеря данных
D:\Progs\Work\Arcanoid Game — копия\funcs.h(182,31): warning C4244: функция: преобразование "int" в "GLfloat", возможна потеря данных
D:\Progs\Work\Arcanoid Game — копия\funcs.h(182,55): warning C4244: функция: преобразование "int" в "GLfloat", возможна потеря данных
D:\Progs\Work\Arcanoid Game — копия\funcs.h(183,31): warning C4244: функция: преобразование "int" в "GLfloat", возможна потеря данных
D:\Progs\Work\Arcanoid Game — копия\funcs.h(183,40): warning C4244: функция: преобразование "int" в "GLfloat", возможна потеря данных
D:\Progs\Work\Arcanoid Game — копия\funcs.h(184,20): warning C4244: функция: преобразование "int" в "GLfloat", возможна потеря данных
D:\Progs\Work\Arcanoid Game — копия\funcs.h(184,44): warning C4244: функция: преобразование "int" в "GLfloat", возможна потеря данных
D:\Progs\Work\Arcanoid Game — копия\funcs.h(186,20): warning C4244: функция: преобразование "int" в "GLfloat", возможна потеря данных
D:\Progs\Work\Arcanoid Game — копия\funcs.h(186,44): warning C4244: функция: преобразование "int" в "GLfloat", возможна потеря данных
D:\Progs\Work\Arcanoid Game — копия\funcs.h(187,20): warning C4244: функция: преобразование "int" в "GLfloat", возможна потеря данных
D:\Progs\Work\Arcanoid Game — копия\funcs.h(187,48): warning C4244: функция: преобразование "int" в "GLfloat", возможна потеря данных
D:\Progs\Work\Arcanoid Game — копия\funcs.h(188,20): warning C4244: функция: преобразование "int" в "GLfloat", возможна потеря данных
D:\Progs\Work\Arcanoid Game — копия\funcs.h(188,55): warning C4244: функция: преобразование "int" в "GLfloat", возможна потеря данных
D:\Progs\Work\Arcanoid Game — копия\funcs.h(189,20): warning C4244: функция: преобразование "int" в "GLfloat", возможна потеря данных
D:\Progs\Work\Arcanoid Game — копия\funcs.h(189,59): warning C4244: функция: преобразование "int" в "GLfloat", возможна потеря данных
D:\Progs\Work\Arcanoid Game — копия\funcs.h(194,29): warning C4244: функция: преобразование "int" в "GLfloat", возможна потеря данных
D:\Progs\Work\Arcanoid Game — копия\funcs.h(194,38): warning C4244: функция: преобразование "int" в "GLfloat", возможна потеря данных
D:\Progs\Work\Arcanoid Game — копия\funcs.h(195,40): warning C4244: функция: преобразование "int" в "GLfloat", возможна потеря данных
D:\Progs\Work\Arcanoid Game — копия\funcs.h(195,49): warning C4244: функция: преобразование "int" в "GLfloat", возможна потеря данных
D:\Progs\Work\Arcanoid Game — копия\funcs.h(198,29): warning C4244: функция: преобразование "int" в "GLfloat", возможна потеря данных
D:\Progs\Work\Arcanoid Game — копия\funcs.h(198,38): warning C4244: функция: преобразование "int" в "GLfloat", возможна потеря данных
D:\Progs\Work\Arcanoid Game — копия\funcs.h(199,29): warning C4244: функция: преобразование "int" в "GLfloat", возможна потеря данных
D:\Progs\Work\Arcanoid Game — копия\funcs.h(199,49): warning C4244: функция: преобразование "int" в "GLfloat", возможна потеря данных
D:\Progs\Work\Arcanoid Game — копия\funcs.h(202,29): warning C4244: функция: преобразование "int" в "GLfloat", возможна потеря данных
D:\Progs\Work\Arcanoid Game — копия\funcs.h(202,49): warning C4244: функция: преобразование "int" в "GLfloat", возможна потеря данных
D:\Progs\Work\Arcanoid Game — копия\funcs.h(203,29): warning C4244: функция: преобразование "int" в "GLfloat", возможна потеря данных
D:\Progs\Work\Arcanoid Game — копия\funcs.h(203,53): warning C4244: функция: преобразование "int" в "GLfloat", возможна потеря данных
D:\Progs\Work\Arcanoid Game — копия\funcs.h(206,29): warning C4244: функция: преобразование "int" в "GLfloat", возможна потеря данных
D:\Progs\Work\Arcanoid Game — копия\funcs.h(206,53): warning C4244: функция: преобразование "int" в "GLfloat", возможна потеря данных
D:\Progs\Work\Arcanoid Game — копия\funcs.h(207,40): warning C4244: функция: преобразование "int" в "GLfloat", возможна потеря данных
D:\Progs\Work\Arcanoid Game — копия\funcs.h(207,64): warning C4244: функция: преобразование "int" в "GLfloat", возможна потеря данных
D:\Progs\Work\Arcanoid Game — копия\funcs.h(211,40): warning C4244: функция: преобразование "int" в "GLfloat", возможна потеря данных
D:\Progs\Work\Arcanoid Game — копия\funcs.h(211,64): warning C4244: функция: преобразование "int" в "GLfloat", возможна потеря данных
D:\Progs\Work\Arcanoid Game — копия\funcs.h(212,40): warning C4244: функция: преобразование "int" в "GLfloat", возможна потеря данных
D:\Progs\Work\Arcanoid Game — копия\funcs.h(212,60): warning C4244: функция: преобразование "int" в "GLfloat", возможна потеря данных
D:\Progs\Work\Arcanoid Game — копия\funcs.h(215,40): warning C4244: функция: преобразование "int" в "GLfloat", возможна потеря данных
D:\Progs\Work\Arcanoid Game — копия\funcs.h(215,60): warning C4244: функция: преобразование "int" в "GLfloat", возможна потеря данных
D:\Progs\Work\Arcanoid Game — копия\funcs.h(216,40): warning C4244: функция: преобразование "int" в "GLfloat", возможна потеря данных
D:\Progs\Work\Arcanoid Game — копия\funcs.h(216,49): warning C4244: функция: преобразование "int" в "GLfloat", возможна потеря данных
D:\Progs\Work\Arcanoid Game — копия\funcs.h(219,29): warning C4244: функция: преобразование "int" в "GLfloat", возможна потеря данных
D:\Progs\Work\Arcanoid Game — копия\funcs.h(219,49): warning C4244: функция: преобразование "int" в "GLfloat", возможна потеря данных
D:\Progs\Work\Arcanoid Game — копия\funcs.h(220,40): warning C4244: функция: преобразование "int" в "GLfloat", возможна потеря данных
D:\Progs\Work\Arcanoid Game — копия\funcs.h(220,60): warning C4244: функция: преобразование "int" в "GLfloat", возможна потеря данных
D:\Progs\Work\Arcanoid Game — копия\funcs.h(223,40): warning C4244: функция: преобразование "int" в "GLfloat", возможна потеря данных
D:\Progs\Work\Arcanoid Game — копия\funcs.h(223,62): warning C4244: функция: преобразование "int" в "GLfloat", возможна потеря данных
D:\Progs\Work\Arcanoid Game — копия\funcs.h(224,40): warning C4244: функция: преобразование "int" в "GLfloat", возможна потеря данных
D:\Progs\Work\Arcanoid Game — копия\funcs.h(224,49): warning C4244: функция: преобразование "int" в "GLfloat", возможна потеря данных
D:\Progs\Work\Arcanoid Game — копия\funcs.h(261,51): warning C4305: +=: усечение из "double" в "float"
D:\Progs\Work\Arcanoid Game — копия\funcs.h(262,46): warning C4244: функция: преобразование "double" в "GLfloat", возможна потеря данных
D:\Progs\Work\Arcanoid Game — копия\funcs.h(262,74): warning C4244: функция: преобразование "double" в "GLfloat", возможна потеря данных
D:\Progs\Work\Arcanoid Game — копия\funcs.h(291,27): warning C4244: функция: преобразование "int" в "GLfloat", возможна потеря данных
D:\Progs\Work\Arcanoid Game — копия\funcs.h(291,36): warning C4244: функция: преобразование "int" в "GLfloat", возможна потеря данных
D:\Progs\Work\Arcanoid Game — копия\funcs.h(292,27): warning C4244: функция: преобразование "int" в "GLfloat", возможна потеря данных
D:\Progs\Work\Arcanoid Game — копия\funcs.h(292,56): warning C4244: функция: преобразование "int" в "GLfloat", возможна потеря данных
D:\Progs\Work\Arcanoid Game — копия\funcs.h(293,46): warning C4244: функция: преобразование "int" в "GLfloat", возможна потеря данных
D:\Progs\Work\Arcanoid Game — копия\funcs.h(293,75): warning C4244: функция: преобразование "int" в "GLfloat", возможна потеря данных
D:\Progs\Work\Arcanoid Game — копия\funcs.h(294,46): warning C4244: функция: преобразование "int" в "GLfloat", возможна потеря данных
D:\Progs\Work\Arcanoid Game — копия\funcs.h(294,55): warning C4244: функция: преобразование "int" в "GLfloat", возможна потеря данных
D:\Progs\Work\Arcanoid Game — копия\funcs.h(304,33): warning C4244: функция: преобразование "int" в "GLfloat", возможна потеря данных
D:\Progs\Work\Arcanoid Game — копия\funcs.h(304,42): warning C4244: функция: преобразование "int" в "GLfloat", возможна потеря данных
D:\Progs\Work\Arcanoid Game — копия\funcs.h(305,44): warning C4244: функция: преобразование "int" в "GLfloat", возможна потеря данных
D:\Progs\Work\Arcanoid Game — копия\funcs.h(305,53): warning C4244: функция: преобразование "int" в "GLfloat", возможна потеря данных
D:\Progs\Work\Arcanoid Game — копия\funcs.h(308,33): warning C4244: функция: преобразование "int" в "GLfloat", возможна потеря данных
D:\Progs\Work\Arcanoid Game — копия\funcs.h(308,42): warning C4244: функция: преобразование "int" в "GLfloat", возможна потеря данных
D:\Progs\Work\Arcanoid Game — копия\funcs.h(309,33): warning C4244: функция: преобразование "int" в "GLfloat", возможна потеря данных
D:\Progs\Work\Arcanoid Game — копия\funcs.h(309,53): warning C4244: функция: преобразование "int" в "GLfloat", возможна потеря данных
D:\Progs\Work\Arcanoid Game — копия\funcs.h(312,33): warning C4244: функция: преобразование "int" в "GLfloat", возможна потеря данных
D:\Progs\Work\Arcanoid Game — копия\funcs.h(312,53): warning C4244: функция: преобразование "int" в "GLfloat", возможна потеря данных
D:\Progs\Work\Arcanoid Game — копия\funcs.h(313,33): warning C4244: функция: преобразование "int" в "GLfloat", возможна потеря данных
D:\Progs\Work\Arcanoid Game — копия\funcs.h(313,57): warning C4244: функция: преобразование "int" в "GLfloat", возможна потеря данных
D:\Progs\Work\Arcanoid Game — копия\funcs.h(316,33): warning C4244: функция: преобразование "int" в "GLfloat", возможна потеря данных
D:\Progs\Work\Arcanoid Game — копия\funcs.h(316,57): warning C4244: функция: преобразование "int" в "GLfloat", возможна потеря данных
D:\Progs\Work\Arcanoid Game — копия\funcs.h(317,44): warning C4244: функция: преобразование "int" в "GLfloat", возможна потеря данных
D:\Progs\Work\Arcanoid Game — копия\funcs.h(317,68): warning C4244: функция: преобразование "int" в "GLfloat", возможна потеря данных
D:\Progs\Work\Arcanoid Game — копия\funcs.h(320,44): warning C4244: функция: преобразование "int" в "GLfloat", возможна потеря данных
D:\Progs\Work\Arcanoid Game — копия\funcs.h(320,68): warning C4244: функция: преобразование "int" в "GLfloat", возможна потеря данных
D:\Progs\Work\Arcanoid Game — копия\funcs.h(321,44): warning C4244: функция: преобразование "int" в "GLfloat", возможна потеря данных
D:\Progs\Work\Arcanoid Game — копия\funcs.h(321,64): warning C4244: функция: преобразование "int" в "GLfloat", возможна потеря данных
D:\Progs\Work\Arcanoid Game — копия\funcs.h(324,44): warning C4244: функция: преобразование "int" в "GLfloat", возможна потеря данных
D:\Progs\Work\Arcanoid Game — копия\funcs.h(324,64): warning C4244: функция: преобразование "int" в "GLfloat", возможна потеря данных
D:\Progs\Work\Arcanoid Game — копия\funcs.h(325,44): warning C4244: функция: преобразование "int" в "GLfloat", возможна потеря данных
D:\Progs\Work\Arcanoid Game — копия\funcs.h(325,53): warning C4244: функция: преобразование "int" в "GLfloat", возможна потеря данных
D:\Progs\Work\Arcanoid Game — копия\funcs.h(328,33): warning C4244: функция: преобразование "int" в "GLfloat", возможна потеря данных
D:\Progs\Work\Arcanoid Game — копия\funcs.h(328,53): warning C4244: функция: преобразование "int" в "GLfloat", возможна потеря данных
D:\Progs\Work\Arcanoid Game — копия\funcs.h(329,44): warning C4244: функция: преобразование "int" в "GLfloat", возможна потеря данных
D:\Progs\Work\Arcanoid Game — копия\funcs.h(329,64): warning C4244: функция: преобразование "int" в "GLfloat", возможна потеря данных
D:\Progs\Work\Arcanoid Game — копия\funcs.h(332,33): warning C4244: функция: преобразование "int" в "GLfloat", возможна потеря данных
D:\Progs\Work\Arcanoid Game — копия\funcs.h(332,53): warning C4244: функция: преобразование "int" в "GLfloat", возможна потеря данных
D:\Progs\Work\Arcanoid Game — копия\funcs.h(333,44): warning C4244: функция: преобразование "int" в "GLfloat", возможна потеря данных
D:\Progs\Work\Arcanoid Game — копия\funcs.h(333,53): warning C4244: функция: преобразование "int" в "GLfloat", возможна потеря данных
D:\Progs\Work\Arcanoid Game — копия\funcs.h(284,1): warning C4267: инициализация: преобразование из "size_t" в "int"; возможна потеря данных
D:\Progs\Work\Arcanoid Game — копия\funcs.h(286,1): warning C4267: инициализация: преобразование из "size_t" в "int"; возможна потеря данных
D:\Progs\Work\Arcanoid Game — копия\funcs.h(347,55): warning C4305: +=: усечение из "double" в "float"
D:\Progs\Work\Arcanoid Game — копия\funcs.h(348,52): warning C4244: функция: преобразование "double" в "GLfloat", возможна потеря данных
D:\Progs\Work\Arcanoid Game — копия\funcs.h(348,82): warning C4244: функция: преобразование "double" в "GLfloat", возможна потеря данных
D:\Progs\Work\Arcanoid Game — копия\funcs.h(363,30): warning C4305: функция: усечение из "double" в "GLfloat"
D:\Progs\Work\Arcanoid Game — копия\funcs.h(363,35): warning C4305: функция: усечение из "double" в "GLfloat"
D:\Progs\Work\Arcanoid Game — копия\funcs.h(367,30): warning C4305: функция: усечение из "double" в "GLfloat"
D:\Progs\Work\Arcanoid Game — копия\funcs.h(367,35): warning C4305: функция: усечение из "double" в "GLfloat"
D:\Progs\Work\Arcanoid Game — копия\funcs.h(370,58): warning C4305: +=: усечение из "double" в "float"
D:\Progs\Work\Arcanoid Game — копия\funcs.h(371,57): warning C4244: функция: преобразование "double" в "GLfloat", возможна потеря данных
D:\Progs\Work\Arcanoid Game — копия\funcs.h(371,88): warning C4244: функция: преобразование "double" в "GLfloat", возможна потеря данных
D:\Progs\Work\Arcanoid Game — копия\funcs.h(405,38): warning C4244: функция: преобразование "int" в "GLfloat", возможна потеря данных
D:\Progs\Work\Arcanoid Game — копия\funcs.h(405,50): warning C4244: функция: преобразование "int" в "GLfloat", возможна потеря данных
D:\Progs\Work\Arcanoid Game — копия\funcs.h(408,30): warning C4244: функция: преобразование "int" в "GLfloat", возможна потеря данных
D:\Progs\Work\Arcanoid Game — копия\funcs.h(408,34): warning C4244: функция: преобразование "int" в "GLfloat", возможна потеря данных
D:\Progs\Work\Arcanoid Game — копия\funcs.h(409,30): warning C4244: функция: преобразование "int" в "GLfloat", возможна потеря данных
D:\Progs\Work\Arcanoid Game — копия\funcs.h(409,34): warning C4244: функция: преобразование "int" в "GLfloat", возможна потеря данных
D:\Progs\Work\Arcanoid Game — копия\funcs.h(410,30): warning C4244: функция: преобразование "int" в "GLfloat", возможна потеря данных
D:\Progs\Work\Arcanoid Game — копия\funcs.h(410,34): warning C4244: функция: преобразование "int" в "GLfloat", возможна потеря данных
D:\Progs\Work\Arcanoid Game — копия\main.c(17,25): warning C4244: инициализация: преобразование "double" в "int", возможна потеря данных
D:\Progs\Work\Arcanoid Game — копия\main.c(65,1): warning C4267: инициализация: преобразование из "size_t" в "int"; возможна потеря данных
D:\Progs\Work\Arcanoid Game — копия\main.c(81,1): warning C4267: инициализация: преобразование из "size_t" в "int"; возможна потеря данных
D:\Progs\Work\Arcanoid Game — копия\main.c(123,71): warning C4244: =: преобразование "float" в "int", возможна потеря данных
D:\Progs\Work\Arcanoid Game — копия\main.c(123,116): warning C4244: =: преобразование "float" в "int", возможна потеря данных
D:\Progs\Work\Arcanoid Game — копия\main.c(123,161): warning C4244: =: преобразование "float" в "int", возможна потеря данных
D:\Progs\Work\Arcanoid Game — копия\main.c(123,206): warning C4244: =: преобразование "float" в "int", возможна потеря данных
D:\Progs\Work\Arcanoid Game — копия\main.c(123,251): warning C4244: =: преобразование "float" в "int", возможна потеря данных
D:\Progs\Work\Arcanoid Game — копия\main.c(123,296): warning C4244: =: преобразование "float" в "int", возможна потеря данных
D:\Progs\Work\Arcanoid Game — копия\main.c(123,341): warning C4244: =: преобразование "float" в "int", возможна потеря данных
D:\Progs\Work\Arcanoid Game — копия\main.c(123,386): warning C4244: =: преобразование "float" в "int", возможна потеря данных
D:\Progs\Work\Arcanoid Game — копия\main.c(123,433): warning C4244: =: преобразование "float" в "int", возможна потеря данных
D:\Progs\Work\Arcanoid Game — копия\main.c(123,482): warning C4244: =: преобразование "float" в "int", возможна потеря данных
D:\Progs\Work\Arcanoid Game — копия\main.c(123,530): warning C4244: =: преобразование "float" в "int", возможна потеря данных
D:\Progs\Work\Arcanoid Game — копия\main.c(128,137): warning C4244: =: преобразование "float" в "int", возможна потеря данных
D:\Progs\Work\Arcanoid Game — копия\main.c(128,206): warning C4244: =: преобразование "float" в "int", возможна потеря данных
D:\Progs\Work\Arcanoid Game — копия\main.c(132,126): warning C4244: =: преобразование "float" в "int", возможна потеря данных
D:\Progs\Work\Arcanoid Game — копия\main.c(132,192): warning C4244: =: преобразование "float" в "int", возможна потеря данных
D:\Progs\Work\Arcanoid Game — копия\main.c(152,86): warning C4244: =: преобразование "float" в "int", возможна потеря данных
D:\Progs\Work\Arcanoid Game — копия\main.c(153,80): warning C4244: =: преобразование "float" в "int", возможна потеря данных
D:\Progs\Work\Arcanoid Game — копия\main.c(189,66): warning C4244: =: преобразование "float" в "int", возможна потеря данных
D:\Progs\Work\Arcanoid Game — копия\main.c(190,66): warning C4244: =: преобразование "float" в "int", возможна потеря данных
D:\Progs\Work\Arcanoid Game — копия\main.c(242,35): warning C4244: =: преобразование "int" в "float", возможна потеря данных
D:\Progs\Work\Arcanoid Game — копия\main.c(243,29): warning C4244: =: преобразование "int" в "float", возможна потеря данных
D:\Progs\Work\Arcanoid Game — копия\main.c(245,33): warning C4244: =: преобразование "int" в "float", возможна потеря данных
D:\Progs\Work\Arcanoid Game — копия\main.c(289,39): warning C4244: =: преобразование "int" в "float", возможна потеря данных
D:\Progs\Work\Arcanoid Game — копия\main.c(290,33): warning C4244: =: преобразование "int" в "float", возможна потеря данных
D:\Progs\Work\Arcanoid Game — копия\main.c(292,37): warning C4244: =: преобразование "int" в "float", возможна потеря данных
D:\Progs\Work\Arcanoid Game — копия\main.c(315,39): warning C4244: =: преобразование "int" в "float", возможна потеря данных
D:\Progs\Work\Arcanoid Game — копия\main.c(316,33): warning C4244: =: преобразование "int" в "float", возможна потеря данных
D:\Progs\Work\Arcanoid Game — копия\main.c(318,37): warning C4244: =: преобразование "int" в "float", возможна потеря данных
D:\Progs\Work\Arcanoid Game — копия\main.c(354,55): warning C4244: =: преобразование "int" в "float", возможна потеря данных
D:\Progs\Work\Arcanoid Game — копия\main.c(355,49): warning C4244: =: преобразование "int" в "float", возможна потеря данных
D:\Progs\Work\Arcanoid Game — копия\main.c(357,53): warning C4244: =: преобразование "int" в "float", возможна потеря данных
D:\Progs\Work\Arcanoid Game — копия\main.c(369,55): warning C4244: =: преобразование "int" в "float", возможна потеря данных
D:\Progs\Work\Arcanoid Game — копия\main.c(381,55): warning C4244: =: преобразование "int" в "float", возможна потеря данных
D:\Progs\Work\Arcanoid Game — копия\main.c(391,43): warning C4244: =: преобразование "int" в "float", возможна потеря данных
D:\Progs\Work\Arcanoid Game — копия\main.c(401,39): warning C4244: =: преобразование "int" в "float", возможна потеря данных
D:\Progs\Work\Arcanoid Game — копия\main.c(413,55): warning C4244: =: преобразование "int" в "float", возможна потеря данных
D:\Progs\Work\Arcanoid Game — копия\main.c(427,43): warning C4244: =: преобразование "int" в "float", возможна потеря данных
D:\Progs\Work\Arcanoid Game — копия\main.c(439,30): warning C4244: =: преобразование "int" в "float", возможна потеря данных
D:\Progs\Work\Arcanoid Game — копия\main.c(440,30): warning C4244: =: преобразование "int" в "float", возможна потеря данных
D:\Progs\Work\Arcanoid Game — копия\main.c(655,113): warning C4244: =: преобразование "float" в "int", возможна потеря данных
D:\Progs\Work\Arcanoid Game — копия\main.c(656,113): warning C4244: =: преобразование "float" в "int", возможна потеря данных
D:\Progs\Work\Arcanoid Game — копия\main.c(680,30): warning C4244: =: преобразование "float" в "int", возможна потеря данных
D:\Progs\Work\Arcanoid Game — копия\main.c(681,30): warning C4244: =: преобразование "float" в "int", возможна потеря данных
D:\Progs\Work\Arcanoid Game — копия\main.c(739,71): warning C4244: =: преобразование "int" в "float", возможна потеря данных
D:\Progs\Work\Arcanoid Game — копия\main.c(460,1): warning C4244: инициализация: преобразование "float" в "int", возможна потеря данных
D:\Progs\Work\Arcanoid Game — копия\main.c(501,1): warning C4244: инициализация: преобразование "float" в "int", возможна потеря данных
D:\Progs\Work\Arcanoid Game — копия\main.c(502,1): warning C4244: инициализация: преобразование "float" в "int", возможна потеря данных
D:\Progs\Work\Arcanoid Game — копия\main.c(503,1): warning C4244: инициализация: преобразование "float" в "int", возможна потеря данных
D:\Progs\Work\Arcanoid Game — копия\main.c(504,1): warning C4244: инициализация: преобразование "float" в "int", возможна потеря данных
D:\Progs\Work\Arcanoid Game — копия\main.c(785,37): warning C4244: =: преобразование "int" в "float", возможна потеря данных
D:\Progs\Work\Arcanoid Game — копия\main.c(792,35): warning C4244: =: преобразование "int" в "float", возможна потеря данных
D:\Progs\Work\Arcanoid Game — копия\main.c(811,16): warning C4244: функция: преобразование "int" в "GLfloat", возможна потеря данных
D:\Progs\Work\Arcanoid Game — копия\main.c(811,21): warning C4244: функция: преобразование "int" в "GLfloat", возможна потеря данных
D:\Progs\Work\Arcanoid Game — копия\main.c(811,32): warning C4244: функция: преобразование "int" в "GLfloat", возможна потеря данных
D:\Progs\Work\Arcanoid Game — копия\main.c(811,43): warning C4244: функция: преобразование "int" в "GLfloat", возможна потеря данных
D:\Progs\Work\Arcanoid Game — копия\main.c(825,53): warning C4244: функция: преобразование "float" в "int", возможна потеря данных
D:\Progs\Work\Arcanoid Game — копия\main.c(825,62): warning C4244: функция: преобразование "float" в "int", возможна потеря данных
D:\Progs\Work\Arcanoid Game — копия\main.c(838,24): warning C4305: функция: усечение из "double" в "GLfloat"
D:\Progs\Work\Arcanoid Game — копия\main.c(856,28): warning C4244: функция: преобразование "float" в "int", возможна потеря данных
D:\Progs\Work\Arcanoid Game — копия\main.c(856,37): warning C4244: функция: преобразование "float" в "int", возможна потеря данных
D:\Progs\Work\Arcanoid Game — копия\main.c(876,37): warning C4244: =: преобразование "int" в "float", возможна потеря данных
D:\Progs\Work\Arcanoid Game — копия\main.c(881,35): warning C4244: =: преобразование "int" в "float", возможна потеря данных
D:\Progs\Work\Arcanoid Game — копия\main.c(893,27): warning C4013: time: нет определения; предполагается "extern" с возвратом типа "int"
D:\Progs\Work\Arcanoid Game — копия\main.c(929,33): warning C4113: "void (__cdecl *)()" отличается в списках параметров от "void (__cdecl *)(int)"
D:\Progs\Work\Arcanoid Game — копия\main.c(943,26): warning C4113: "void (__cdecl *)()" отличается в списках параметров от "void (__cdecl *)(void)"
D:\Progs\Work\Arcanoid Game — копия\main.c(944,32): warning C4113: "void (__cdecl *)()" отличается в списках параметров от "void (__cdecl *)(int)"
D:\Progs\Work\Arcanoid Game — копия\main.c(947,35): warning C4113: "void (__cdecl *)(int)" отличается в списках параметров от "void (__cdecl *)(unsigned char,int,int)"
D:\Progs\Work\Arcanoid Game — копия\main.c(948,35): warning C4113: "void (__cdecl *)(int)" отличается в списках параметров от "void (__cdecl *)(int,int,int)"
  Создание кода
  1 of 37 functions ( 2.7%) were compiled, the rest were copied from previous compilation.
    0 functions were new in current compilation
    1 functions had inline decision re-evaluated but remain unchanged
  Создание кода завершено
  Arcanoid Game.vcxproj -> D:\Progs\Work\Arcanoid Game — копия\x64\WOConsole\Arcanoid Game.exe
